<?xml version="1.0" encoding="UTF-8"?>
<!-- Generated by org.testng.reporters.JUnitXMLReporter -->
<testsuite hostname="DESKTOP-FVVPMEF" ignored="0" name="Test" tests="5" failures="0" timestamp="28 Mar 2019 12:27:14 GMT" time="0.038" errors="0">
  <testcase name="DestA" time="0.007" classname="testNG.DemoA"/>
  <testcase name="TestA" time="0.002" classname="testNG.DemoA"/>
  <testcase name="hestA" time="0.003" classname="testNG.DemoA"/>
  <testcase name="testC" time="0.001" classname="testNG.DemoC"/>
  <testcase name="man" time="0.001" classname="testNG.DemoB"/>
</testsuite> <!-- Test -->
